<?xml version="1.0" encoding="UTF-8"?>
<!-- Generated by org.testng.reporters.JUnitReportReporter -->
<testsuite hostname="DESKTOP-TA2D66J" failures="0" tests="1" name="Day_Two.Way_To_Create_Post_Request_Body" time="1.628" errors="0" timestamp="2025-02-03T18:32:43 PST" skipped="0">
  <testcase classname="Day_Two.Way_To_Create_Post_Request_Body" name="testUsing_POJO_Class" time="1.628"/>
</testsuite> <!-- Day_Two.Way_To_Create_Post_Request_Body -->
