<?xml version="1.0" encoding="UTF-8"?>
<!-- Generated by org.testng.reporters.JUnitReportReporter -->
<testsuite hostname="DESKTOP-TA2D66J" failures="0" tests="1" name="day_Three.HeaderDemo" time="2.277" errors="0" timestamp="2025-02-07T23:44:41 PST" skipped="0">
  <testcase classname="day_Three.HeaderDemo" name="testHeaders" time="2.277"/>
</testsuite> <!-- day_Three.HeaderDemo -->
