<?xml version="1.0" encoding="UTF-8"?>
<!-- Generated by org.testng.reporters.JUnitReportReporter -->
<testsuite hostname="DESKTOP-TA2D66J" failures="0" tests="1" name="day_Three.CookiesDemo" time="2.012" errors="0" timestamp="2025-02-07T23:27:34 PST" skipped="0">
  <testcase classname="day_Three.CookiesDemo" name="getCookies" time="2.012"/>
</testsuite> <!-- day_Three.CookiesDemo -->
