<?xml version="1.0" encoding="UTF-8"?>
<!-- Generated by org.testng.reporters.JUnitReportReporter -->
<testsuite hostname="DESKTOP-TA2D66J" failures="0" tests="1" name="day_Three.Path_Query_Parameters" time="2.285" errors="0" timestamp="2025-02-07T21:26:18 PST" skipped="0">
  <testcase classname="day_Three.Path_Query_Parameters" name="testQueryPathParameters" time="2.285"/>
</testsuite> <!-- day_Three.Path_Query_Parameters -->
