<?xml version="1.0" encoding="UTF-8"?>
<!-- Generated by org.testng.reporters.JUnitReportReporter -->
<testsuite hostname="DESKTOP-TA2D66J" failures="0" tests="4" name="Day_One.HTTPRequest" time="5.659" errors="0" timestamp="2025-02-06T14:59:00 PST" skipped="0">
  <testcase classname="Day_One.HTTPRequest" name="getUser" time="4.186"/>
  <testcase classname="Day_One.HTTPRequest" name="createUser" time="0.748"/>
  <testcase classname="Day_One.HTTPRequest" name="updateUser" time="0.371"/>
  <testcase classname="Day_One.HTTPRequest" name="deleteUser" time="0.354"/>
</testsuite> <!-- Day_One.HTTPRequest -->
