<?xml version="1.0" encoding="UTF-8"?>
<!-- Generated by org.testng.reporters.JUnitReportReporter -->
<testsuite hostname="DESKTOP-TA2D66J" failures="0" tests="1" name="day_four.Parsing_JSONResponseData" time="1.858" errors="0" timestamp="2025-02-09T15:43:39 PST" skipped="0">
  <testcase classname="day_four.Parsing_JSONResponseData" name="test_JSON_Path" time="1.858"/>
</testsuite> <!-- day_four.Parsing_JSONResponseData -->
